20:24:09.348 [main] INFO  org.testng.internal.Utils - [TestNG] Running:
  F:\Mannem\OpenCartV1\grouping.xml

20:24:56.145 [main] INFO  testCases.TC001_AccountRegistrationTest - ***** Starting TC001_AccountRegistrationTest *****
20:24:57.168 [main] INFO  testCases.TC001_AccountRegistrationTest - Clicked on MyAccount Link
20:24:58.917 [main] INFO  testCases.TC001_AccountRegistrationTest - Clicked on Register Link
20:24:59.093 [main] INFO  testCases.TC001_AccountRegistrationTest - Providing Customer details
20:25:03.396 [main] INFO  testCases.TC001_AccountRegistrationTest - Validating expected message
20:25:03.551 [main] INFO  testCases.TC001_AccountRegistrationTest - ***** Finished TC001_AccountRegistrationTest *****
20:25:31.918 [main] INFO  testCases.TC002_LoginTest - ***** Starting TC002_LoginTest *****
20:25:39.816 [main] INFO  testCases.TC002_LoginTest - ***** Finished the TC002_LoginTest *****
20:31:42.216 [main] INFO  org.testng.internal.Utils - [TestNG] Running:
  F:\Mannem\OpenCartV1\grouping.xml

20:31:58.928 [main] INFO  testCases.TC001_AccountRegistrationTest - ***** Starting TC001_AccountRegistrationTest *****
20:32:01.758 [main] INFO  testCases.TC001_AccountRegistrationTest - Clicked on MyAccount Link
20:32:03.062 [main] INFO  testCases.TC001_AccountRegistrationTest - Clicked on Register Link
20:32:03.068 [main] INFO  testCases.TC001_AccountRegistrationTest - Providing Customer details
20:32:04.744 [main] INFO  testCases.TC001_AccountRegistrationTest - Validating expected message
20:32:04.810 [main] INFO  testCases.TC001_AccountRegistrationTest - ***** Finished TC001_AccountRegistrationTest *****
20:32:21.682 [main] INFO  testCases.TC002_LoginTest - ***** Starting TC002_LoginTest *****
20:32:28.310 [main] INFO  testCases.TC002_LoginTest - ***** Finished the TC002_LoginTest *****
12:07:57.728 [main] INFO  org.testng.internal.Utils - [TestNG] Running:
  F:\Mannem\OpenCartV1\grouping.xml

12:08:39.689 [main] INFO  testCases.TC001_AccountRegistrationTest - ***** Starting TC001_AccountRegistrationTest *****
12:08:41.236 [main] INFO  testCases.TC001_AccountRegistrationTest - Clicked on MyAccount Link
12:08:44.873 [main] INFO  testCases.TC001_AccountRegistrationTest - Clicked on Register Link
12:08:44.975 [main] INFO  testCases.TC001_AccountRegistrationTest - Providing Customer details
12:08:47.390 [main] INFO  testCases.TC001_AccountRegistrationTest - Validating expected message
12:08:47.618 [main] INFO  testCases.TC001_AccountRegistrationTest - ***** Finished TC001_AccountRegistrationTest *****
12:09:18.614 [main] INFO  testCases.TC002_LoginTest - ***** Starting TC002_LoginTest *****
12:09:26.990 [main] INFO  testCases.TC002_LoginTest - ***** Finished the TC002_LoginTest *****
12:11:27.782 [main] INFO  org.testng.internal.Utils - [TestNG] Running:
  F:\Mannem\OpenCartV1\grouping.xml

12:11:53.678 [main] INFO  testCases.TC001_AccountRegistrationTest - ***** Starting TC001_AccountRegistrationTest *****
12:11:53.812 [main] INFO  testCases.TC001_AccountRegistrationTest - Clicked on MyAccount Link
12:11:57.723 [main] INFO  testCases.TC001_AccountRegistrationTest - Clicked on Register Link
12:11:57.729 [main] INFO  testCases.TC001_AccountRegistrationTest - Providing Customer details
12:11:59.134 [main] INFO  testCases.TC001_AccountRegistrationTest - Validating expected message
12:11:59.192 [main] INFO  testCases.TC001_AccountRegistrationTest - ***** Finished TC001_AccountRegistrationTest *****
12:12:19.405 [main] INFO  testCases.TC002_LoginTest - ***** Starting TC002_LoginTest *****
12:12:31.820 [main] INFO  testCases.TC002_LoginTest - ***** Finished the TC002_LoginTest *****
12:15:39.425 [main] INFO  org.testng.internal.Utils - [TestNG] Running:
  F:\Mannem\OpenCartV1\grouping.xml

12:16:00.806 [main] INFO  testCases.TC001_AccountRegistrationTest - ***** Starting TC001_AccountRegistrationTest *****
12:16:00.915 [main] INFO  testCases.TC001_AccountRegistrationTest - Clicked on MyAccount Link
12:16:02.081 [main] INFO  testCases.TC001_AccountRegistrationTest - Clicked on Register Link
12:16:02.088 [main] INFO  testCases.TC001_AccountRegistrationTest - Providing Customer details
12:16:03.705 [main] INFO  testCases.TC001_AccountRegistrationTest - Validating expected message
12:16:03.752 [main] INFO  testCases.TC001_AccountRegistrationTest - ***** Finished TC001_AccountRegistrationTest *****
12:16:21.140 [main] INFO  testCases.TC002_LoginTest - ***** Starting TC002_LoginTest *****
12:16:27.994 [main] INFO  testCases.TC002_LoginTest - ***** Finished the TC002_LoginTest *****
12:24:03.641 [main] INFO  org.testng.internal.Utils - [TestNG] Running:
  F:\Mannem\OpenCartV1\grouping.xml

12:24:21.423 [main] INFO  testCases.TC001_AccountRegistrationTest - ***** Starting TC001_AccountRegistrationTest *****
12:24:21.542 [main] INFO  testCases.TC001_AccountRegistrationTest - Clicked on MyAccount Link
12:24:22.870 [main] INFO  testCases.TC001_AccountRegistrationTest - Clicked on Register Link
12:24:22.876 [main] INFO  testCases.TC001_AccountRegistrationTest - Providing Customer details
12:24:24.279 [main] INFO  testCases.TC001_AccountRegistrationTest - Validating expected message
12:24:24.332 [main] INFO  testCases.TC001_AccountRegistrationTest - ***** Finished TC001_AccountRegistrationTest *****
12:24:53.118 [main] INFO  testCases.TC002_LoginTest - ***** Starting TC002_LoginTest *****
12:31:04.173 [main] INFO  org.testng.internal.Utils - [TestNG] Running:
  F:\Mannem\OpenCartV1\grouping.xml

12:31:31.596 [main] INFO  testCases.TC001_AccountRegistrationTest - ***** Starting TC001_AccountRegistrationTest *****
12:31:31.734 [main] INFO  testCases.TC001_AccountRegistrationTest - Clicked on MyAccount Link
12:31:33.315 [main] INFO  testCases.TC001_AccountRegistrationTest - Clicked on Register Link
12:31:33.317 [main] INFO  testCases.TC001_AccountRegistrationTest - Providing Customer details
12:31:35.225 [main] INFO  testCases.TC001_AccountRegistrationTest - Validating expected message
12:31:35.284 [main] INFO  testCases.TC001_AccountRegistrationTest - ***** Finished TC001_AccountRegistrationTest *****
12:32:01.353 [main] INFO  testCases.TC002_LoginTest - ***** Starting TC002_LoginTest *****
12:40:04.297 [main] INFO  org.testng.internal.Utils - [TestNG] Running:
  F:\Mannem\OpenCartV1\grouping.xml

12:40:20.125 [main] INFO  testCases.TC001_AccountRegistrationTest - ***** Starting TC001_AccountRegistrationTest *****
12:40:20.262 [main] INFO  testCases.TC001_AccountRegistrationTest - Clicked on MyAccount Link
12:40:21.557 [main] INFO  testCases.TC001_AccountRegistrationTest - Clicked on Register Link
12:40:21.560 [main] INFO  testCases.TC001_AccountRegistrationTest - Providing Customer details
12:40:23.123 [main] INFO  testCases.TC001_AccountRegistrationTest - Validating expected message
12:40:23.180 [main] INFO  testCases.TC001_AccountRegistrationTest - ***** Finished TC001_AccountRegistrationTest *****
12:40:42.162 [main] INFO  testCases.TC002_LoginTest - ***** Starting TC002_LoginTest *****
13:12:11.934 [main] INFO  org.testng.internal.Utils - [TestNG] Running:
  F:\Mannem\OpenCartV1\grouping.xml

13:12:32.818 [main] INFO  testCases.TC001_AccountRegistrationTest - ***** Starting TC001_AccountRegistrationTest *****
13:12:34.973 [main] INFO  testCases.TC001_AccountRegistrationTest - Clicked on MyAccount Link
13:12:35.728 [main] INFO  testCases.TC001_AccountRegistrationTest - Clicked on Register Link
13:12:35.734 [main] INFO  testCases.TC001_AccountRegistrationTest - Providing Customer details
13:12:37.506 [main] INFO  testCases.TC001_AccountRegistrationTest - Validating expected message
13:12:37.549 [main] INFO  testCases.TC001_AccountRegistrationTest - ***** Finished TC001_AccountRegistrationTest *****
13:12:54.999 [main] INFO  testCases.TC002_LoginTest - ***** Starting TC002_LoginTest *****
13:13:03.017 [main] INFO  testCases.TC002_LoginTest - ***** Finished the TC002_LoginTest *****
14:03:04.704 [main] INFO  org.testng.internal.Utils - [TestNG] Running:
  F:\Mannem\OpenCartV1\grouping.xml

14:03:27.226 [main] INFO  testCases.TC001_AccountRegistrationTest - ***** Starting TC001_AccountRegistrationTest *****
14:03:30.564 [main] INFO  testCases.TC001_AccountRegistrationTest - Clicked on MyAccount Link
14:03:31.892 [main] INFO  testCases.TC001_AccountRegistrationTest - Clicked on Register Link
14:03:32.155 [main] INFO  testCases.TC001_AccountRegistrationTest - Providing Customer details
14:03:34.777 [main] INFO  testCases.TC001_AccountRegistrationTest - Validating expected message
14:03:34.911 [main] INFO  testCases.TC001_AccountRegistrationTest - ***** Finished TC001_AccountRegistrationTest *****
14:03:54.757 [main] INFO  testCases.TC002_LoginTest - ***** Starting TC002_LoginTest *****
14:34:21.233 [main] INFO  org.testng.internal.Utils - [TestNG] Running:
  F:\Mannem\OpenCartV1\test-output\testng-failed.xml

14:34:36.151 [main] INFO  testCases.TC002_LoginTest - ***** Starting TC002_LoginTest *****
14:34:44.685 [main] INFO  testCases.TC002_LoginTest - ***** Finished the TC002_LoginTest *****
14:37:38.886 [main] INFO  org.testng.internal.Utils - [TestNG] Running:
  F:\Mannem\OpenCartV1\Master.xml

14:37:58.327 [main] INFO  testCases.TC001_AccountRegistrationTest - ***** Starting TC001_AccountRegistrationTest *****
14:37:58.438 [main] INFO  testCases.TC001_AccountRegistrationTest - Clicked on MyAccount Link
14:37:59.643 [main] INFO  testCases.TC001_AccountRegistrationTest - Clicked on Register Link
14:37:59.682 [main] INFO  testCases.TC001_AccountRegistrationTest - Providing Customer details
14:38:01.291 [main] INFO  testCases.TC001_AccountRegistrationTest - Validating expected message
14:38:01.350 [main] INFO  testCases.TC001_AccountRegistrationTest - ***** Finished TC001_AccountRegistrationTest *****
14:38:20.181 [main] INFO  testCases.TC002_LoginTest - ***** Starting TC002_LoginTest *****
14:38:27.282 [main] INFO  testCases.TC002_LoginTest - ***** Finished the TC002_LoginTest *****
14:39:53.521 [main] INFO  org.testng.internal.Utils - [TestNG] Running:
  F:\Mannem\OpenCartV1\Master.xml

14:40:10.608 [main] INFO  testCases.TC001_AccountRegistrationTest - ***** Starting TC001_AccountRegistrationTest *****
14:40:10.713 [main] INFO  testCases.TC001_AccountRegistrationTest - Clicked on MyAccount Link
14:40:12.824 [main] INFO  testCases.TC001_AccountRegistrationTest - Clicked on Register Link
14:40:12.828 [main] INFO  testCases.TC001_AccountRegistrationTest - Providing Customer details
14:40:14.389 [main] INFO  testCases.TC001_AccountRegistrationTest - Validating expected message
14:40:14.435 [main] ERROR testCases.TC001_AccountRegistrationTest - Test Failed...
14:40:32.380 [main] INFO  testCases.TC002_LoginTest - ***** Starting TC002_LoginTest *****
14:40:38.956 [main] INFO  testCases.TC002_LoginTest - ***** Finished the TC002_LoginTest *****
14:41:47.584 [main] INFO  org.testng.internal.Utils - [TestNG] Running:
  F:\Mannem\OpenCartV1\Master.xml

14:42:09.080 [main] INFO  testCases.TC001_AccountRegistrationTest - ***** Starting TC001_AccountRegistrationTest *****
14:42:10.907 [main] INFO  testCases.TC001_AccountRegistrationTest - Clicked on MyAccount Link
14:42:11.920 [main] INFO  testCases.TC001_AccountRegistrationTest - Clicked on Register Link
14:42:11.924 [main] INFO  testCases.TC001_AccountRegistrationTest - Providing Customer details
14:42:13.509 [main] INFO  testCases.TC001_AccountRegistrationTest - Validating expected message
14:42:13.588 [main] ERROR testCases.TC001_AccountRegistrationTest - Test Failed...
14:42:38.516 [main] INFO  testCases.TC002_LoginTest - ***** Starting TC002_LoginTest *****
14:44:27.348 [main] INFO  org.testng.internal.Utils - [TestNG] Running:
  F:\Mannem\OpenCartV1\test-output\testng-failed.xml

14:44:46.401 [main] INFO  testCases.TC002_LoginTest - ***** Starting TC002_LoginTest *****
14:44:53.138 [main] INFO  testCases.TC002_LoginTest - ***** Finished the TC002_LoginTest *****
14:45:11.993 [main] INFO  testCases.TC001_AccountRegistrationTest - ***** Starting TC001_AccountRegistrationTest *****
14:45:13.274 [main] INFO  testCases.TC001_AccountRegistrationTest - Clicked on MyAccount Link
14:45:16.387 [main] INFO  testCases.TC001_AccountRegistrationTest - Clicked on Register Link
14:45:16.391 [main] INFO  testCases.TC001_AccountRegistrationTest - Providing Customer details
14:45:18.519 [main] INFO  testCases.TC001_AccountRegistrationTest - Validating expected message
14:45:18.579 [main] INFO  testCases.TC001_AccountRegistrationTest - ***** Finished TC001_AccountRegistrationTest *****
13:54:14.981 [main] INFO  testCases.TC001_AccountRegistrationTest - ***** Starting TC001_AccountRegistrationTest *****
13:54:17.258 [main] INFO  testCases.TC001_AccountRegistrationTest - Clicked on MyAccount Link
13:54:18.351 [main] INFO  testCases.TC001_AccountRegistrationTest - Clicked on Register Link
13:54:18.354 [main] INFO  testCases.TC001_AccountRegistrationTest - Providing Customer details
13:54:20.434 [main] INFO  testCases.TC001_AccountRegistrationTest - Validating expected message
13:54:20.491 [main] INFO  testCases.TC001_AccountRegistrationTest - ***** Finished TC001_AccountRegistrationTest *****
13:54:36.966 [main] INFO  testCases.TC002_LoginTest - ***** Starting TC002_LoginTest *****
13:54:43.455 [main] INFO  testCases.TC002_LoginTest - ***** Finished the TC002_LoginTest *****
14:06:16.349 [main] INFO  testCases.TC001_AccountRegistrationTest - ***** Starting TC001_AccountRegistrationTest *****
14:06:16.504 [main] INFO  testCases.TC001_AccountRegistrationTest - Clicked on MyAccount Link
14:06:17.716 [main] INFO  testCases.TC001_AccountRegistrationTest - Clicked on Register Link
14:06:17.718 [main] INFO  testCases.TC001_AccountRegistrationTest - Providing Customer details
14:06:19.180 [main] INFO  testCases.TC001_AccountRegistrationTest - Validating expected message
14:06:19.228 [main] INFO  testCases.TC001_AccountRegistrationTest - ***** Finished TC001_AccountRegistrationTest *****
14:06:38.697 [main] INFO  testCases.TC002_LoginTest - ***** Starting TC002_LoginTest *****
14:06:47.731 [main] INFO  testCases.TC002_LoginTest - ***** Finished the TC002_LoginTest *****
14:12:24.052 [main] INFO  testCases.TC001_AccountRegistrationTest - ***** Starting TC001_AccountRegistrationTest *****
14:12:25.422 [main] INFO  testCases.TC001_AccountRegistrationTest - Clicked on MyAccount Link
14:12:26.489 [main] INFO  testCases.TC001_AccountRegistrationTest - Clicked on Register Link
14:12:26.491 [main] INFO  testCases.TC001_AccountRegistrationTest - Providing Customer details
14:12:28.115 [main] INFO  testCases.TC001_AccountRegistrationTest - Validating expected message
14:12:28.170 [main] INFO  testCases.TC001_AccountRegistrationTest - ***** Finished TC001_AccountRegistrationTest *****
14:12:47.105 [main] INFO  testCases.TC002_LoginTest - ***** Starting TC002_LoginTest *****
14:12:54.118 [main] INFO  testCases.TC002_LoginTest - ***** Finished the TC002_LoginTest *****
14:15:19.438 [main] INFO  testCases.TC001_AccountRegistrationTest - ***** Starting TC001_AccountRegistrationTest *****
14:15:19.791 [main] INFO  testCases.TC001_AccountRegistrationTest - Clicked on MyAccount Link
14:15:22.599 [main] INFO  testCases.TC001_AccountRegistrationTest - Clicked on Register Link
14:15:22.603 [main] INFO  testCases.TC001_AccountRegistrationTest - Providing Customer details
14:15:24.164 [main] INFO  testCases.TC001_AccountRegistrationTest - Validating expected message
14:15:24.208 [main] INFO  testCases.TC001_AccountRegistrationTest - ***** Finished TC001_AccountRegistrationTest *****
14:15:41.731 [main] INFO  testCases.TC002_LoginTest - ***** Starting TC002_LoginTest *****
14:15:50.684 [main] INFO  testCases.TC002_LoginTest - ***** Finished the TC002_LoginTest *****
14:19:50.525 [TestNG-tests-1] INFO  testCases.TC001_AccountRegistrationTest - ***** Starting TC001_AccountRegistrationTest *****
14:19:50.525 [TestNG-tests-2] INFO  testCases.TC001_AccountRegistrationTest - ***** Starting TC001_AccountRegistrationTest *****
14:19:50.742 [TestNG-tests-1] INFO  testCases.TC001_AccountRegistrationTest - Clicked on MyAccount Link
14:19:50.809 [TestNG-tests-2] INFO  testCases.TC001_AccountRegistrationTest - Clicked on MyAccount Link
14:20:35.461 [TestNG-tests-1] INFO  testCases.TC001_AccountRegistrationTest - ***** Starting TC001_AccountRegistrationTest *****
14:20:41.988 [TestNG-tests-1] INFO  testCases.TC001_AccountRegistrationTest - Clicked on MyAccount Link
14:20:43.476 [TestNG-tests-1] INFO  testCases.TC001_AccountRegistrationTest - Clicked on Register Link
14:20:43.480 [TestNG-tests-1] INFO  testCases.TC001_AccountRegistrationTest - Providing Customer details
14:20:44.987 [TestNG-tests-1] INFO  testCases.TC001_AccountRegistrationTest - Validating expected message
14:20:45.047 [TestNG-tests-1] INFO  testCases.TC001_AccountRegistrationTest - ***** Finished TC001_AccountRegistrationTest *****
20:41:09.436 [main] INFO  testCases.TC001_AccountRegistrationTest - ***** Starting TC001_AccountRegistrationTest *****
20:43:08.693 [main] INFO  testCases.TC001_AccountRegistrationTest - ***** Starting TC001_AccountRegistrationTest *****
20:46:21.850 [main] INFO  testCases.TC001_AccountRegistrationTest - ***** Starting TC001_AccountRegistrationTest *****
20:56:12.416 [main] INFO  testCases.TC001_AccountRegistrationTest - ***** Starting TC001_AccountRegistrationTest *****
20:57:58.535 [main] INFO  testCases.TC001_AccountRegistrationTest - ***** Starting TC001_AccountRegistrationTest *****
21:02:08.512 [main] INFO  testCases.TC001_AccountRegistrationTest - ***** Starting TC001_AccountRegistrationTest *****
21:06:03.078 [main] INFO  testCases.TC001_AccountRegistrationTest - ***** Starting TC001_AccountRegistrationTest *****
21:06:08.046 [main] INFO  testCases.TC001_AccountRegistrationTest - Clicked on MyAccount Link
21:06:09.199 [main] INFO  testCases.TC001_AccountRegistrationTest - Clicked on Register Link
21:06:09.254 [main] INFO  testCases.TC001_AccountRegistrationTest - Providing Customer details
21:06:12.059 [main] INFO  testCases.TC001_AccountRegistrationTest - Validating expected message
21:06:12.469 [main] INFO  testCases.TC001_AccountRegistrationTest - ***** Finished TC001_AccountRegistrationTest *****
21:31:57.357 [main] INFO  testCases.TC001_AccountRegistrationTest - ***** Starting TC001_AccountRegistrationTest *****
21:43:54.669 [main] INFO  testCases.TC001_AccountRegistrationTest - ***** Starting TC001_AccountRegistrationTest *****
14:16:32.262 [main] INFO  testCases.TC001_AccountRegistrationTest - ***** Starting TC001_AccountRegistrationTest *****
14:59:52.034 [main] INFO  testCases.TC001_AccountRegistrationTest - ***** Starting TC001_AccountRegistrationTest *****
14:59:54.087 [main] INFO  testCases.TC001_AccountRegistrationTest - Clicked on MyAccount Link
14:59:57.745 [main] INFO  testCases.TC001_AccountRegistrationTest - Clicked on Register Link
14:59:58.040 [main] INFO  testCases.TC001_AccountRegistrationTest - Providing Customer details
15:00:05.637 [main] INFO  testCases.TC001_AccountRegistrationTest - Validating expected message
15:00:06.721 [main] INFO  testCases.TC001_AccountRegistrationTest - ***** Finished TC001_AccountRegistrationTest *****
15:04:22.919 [main] INFO  testCases.TC001_AccountRegistrationTest - ***** Starting TC001_AccountRegistrationTest *****
15:26:45.789 [main] INFO  testCases.TC001_AccountRegistrationTest - ***** Starting TC001_AccountRegistrationTest *****
17:03:48.510 [main] INFO  testCases.TC001_AccountRegistrationTest - ***** Starting TC001_AccountRegistrationTest *****
17:03:49.151 [main] INFO  testCases.TC001_AccountRegistrationTest - Clicked on MyAccount Link
17:03:49.968 [main] INFO  testCases.TC001_AccountRegistrationTest - Clicked on Register Link
17:03:50.101 [main] INFO  testCases.TC001_AccountRegistrationTest - Providing Customer details
17:03:57.543 [main] INFO  testCases.TC001_AccountRegistrationTest - Validating expected message
17:04:00.113 [main] INFO  testCases.TC001_AccountRegistrationTest - ***** Finished TC001_AccountRegistrationTest *****
12:50:17.831 [main] INFO  testCases.TC001_AccountRegistrationTest - ***** Starting TC001_AccountRegistrationTest *****
12:50:21.343 [main] INFO  testCases.TC001_AccountRegistrationTest - Clicked on MyAccount Link
12:50:24.719 [main] INFO  testCases.TC001_AccountRegistrationTest - Clicked on Register Link
12:50:24.724 [main] INFO  testCases.TC001_AccountRegistrationTest - Providing Customer details
12:50:30.525 [main] INFO  testCases.TC001_AccountRegistrationTest - Validating expected message
12:50:31.320 [main] INFO  testCases.TC001_AccountRegistrationTest - ***** Finished TC001_AccountRegistrationTest *****
12:50:56.345 [main] INFO  testCases.TC002_LoginTest - ***** Starting TC002_LoginTest *****
12:51:11.162 [main] INFO  testCases.TC002_LoginTest - ***** Finished the TC002_LoginTest *****
14:09:01.165 [main] INFO  testCases.TC001_AccountRegistrationTest - ***** Starting TC001_AccountRegistrationTest *****
14:09:04.675 [main] INFO  testCases.TC001_AccountRegistrationTest - Clicked on MyAccount Link
14:09:05.842 [main] INFO  testCases.TC001_AccountRegistrationTest - Clicked on Register Link
14:09:05.846 [main] INFO  testCases.TC001_AccountRegistrationTest - Providing Customer details
14:09:08.293 [main] INFO  testCases.TC001_AccountRegistrationTest - Validating expected message
14:09:08.557 [main] INFO  testCases.TC001_AccountRegistrationTest - ***** Finished TC001_AccountRegistrationTest *****
14:09:30.010 [main] INFO  testCases.TC002_LoginTest - ***** Starting TC002_LoginTest *****
14:09:40.701 [main] INFO  testCases.TC002_LoginTest - ***** Finished the TC002_LoginTest *****
14:37:56.740 [main] INFO  testCases.TC001_AccountRegistrationTest - ***** Starting TC001_AccountRegistrationTest *****
14:37:59.366 [main] INFO  testCases.TC001_AccountRegistrationTest - Clicked on MyAccount Link
14:38:00.806 [main] INFO  testCases.TC001_AccountRegistrationTest - Clicked on Register Link
14:38:00.809 [main] INFO  testCases.TC001_AccountRegistrationTest - Providing Customer details
14:38:02.563 [main] INFO  testCases.TC001_AccountRegistrationTest - Validating expected message
14:38:02.609 [main] INFO  testCases.TC001_AccountRegistrationTest - ***** Finished TC001_AccountRegistrationTest *****
14:38:21.455 [main] INFO  testCases.TC002_LoginTest - ***** Starting TC002_LoginTest *****
14:38:33.036 [main] INFO  testCases.TC002_LoginTest - ***** Finished the TC002_LoginTest *****
